<?xml version="1.0" encoding="UTF-8"?>
<!-- Generated by org.testng.reporters.JUnitXMLReporter -->
<testsuite ignored="0" hostname="Raji-Laptop" failures="0" tests="4" name="Test" time="0.092" errors="0" timestamp="2020-12-22T12:50:05 IST">
  <testcase classname="MavenProject2.MavenJava1.RESTAPITest" name="deleteTwitter" time="0.016"/>
  <testcase classname="MavenProject2.MavenJava1.RESTAPITest" name="postJira" time="0.003"/>
  <testcase classname="MavenProject2.MavenJava1.ApiumTest" name="IOSApps" time="0.002"/>
  <testcase classname="MavenProject2.MavenJava1.ApiumTest" name="NativeAppAndroid" time="0.002"/>
</testsuite> <!-- Test -->
