<?xml version="1.0" encoding="UTF-8"?>
<!-- Generated by org.testng.reporters.JUnitXMLReporter -->
<testsuite ignored="0" hostname="Raji-Laptop" failures="0" tests="6" name="Command line test" time="0.061" errors="0" timestamp="2020-12-22T12:49:29 IST">
  <testcase classname="MavenProject2.MavenJava1.ApiumTest" name="IOSApps" time="0.006"/>
  <testcase classname="MavenProject2.MavenJava1.ApiumTest" name="NativeAppAndroid" time="0.001"/>
  <testcase classname="MavenProject2.MavenJava1.RESTAPITest" name="deleteTwitter" time="0.0"/>
  <testcase classname="MavenProject2.MavenJava1.RESTAPITest" name="postJira" time="0.001"/>
  <testcase classname="MavenProject2.MavenJava1.SeleniumTest" name="BrowserAutomation" time="0.002"/>
  <testcase classname="MavenProject2.MavenJava1.SeleniumTest" name="elementsUI" time="0.001"/>
</testsuite> <!-- Command line test -->
