<?xml version="1.0" encoding="UTF-8"?>
<!-- Generated by org.testng.reporters.JUnitXMLReporter -->
<testsuite ignored="0" hostname="Raji-Laptop" failures="0" tests="6" name="Test" time="0.058" errors="0" timestamp="2020-11-03T15:29:07 IST">
  <testcase classname="MavenProject2.MavenJava1.RESTAPITest" name="deleteTwitter" time="0.005"/>
  <testcase classname="MavenProject2.MavenJava1.RESTAPITest" name="postJira" time="0.001"/>
  <testcase classname="MavenProject2.MavenJava1.ApiumTest" name="IOSApps" time="0.0"/>
  <testcase classname="MavenProject2.MavenJava1.ApiumTest" name="NativeAppAndroid" time="0.0"/>
  <testcase classname="MavenProject2.MavenJava1.SeleniumTest" name="BrowserAutomation" time="0.001"/>
  <testcase classname="MavenProject2.MavenJava1.SeleniumTest" name="elementsUI" time="0.001"/>
</testsuite> <!-- Test -->
