<?xml version="1.0" encoding="UTF-8"?>
<testng-results ignored="0" total="6" passed="6" failed="0" skipped="0">
  <reporter-output>
  </reporter-output>
  <suite started-at="2020-12-22T12:49:29 IST" name="Command line suite" finished-at="2020-12-22T12:49:29 IST" duration-ms="61">
    <groups>
    </groups>
    <test started-at="2020-12-22T12:49:29 IST" name="Command line test" finished-at="2020-12-22T12:49:29 IST" duration-ms="61">
      <class name="MavenProject2.MavenJava1.ApiumTest">
        <test-method signature="IOSApps()[pri:0, instance:MavenProject2.MavenJava1.ApiumTest@1efee8e7]" started-at="2020-12-22T12:49:29 IST" name="IOSApps" finished-at="2020-12-22T12:49:29 IST" duration-ms="6" status="PASS">
          <reporter-output>
          </reporter-output>
        </test-method> <!-- IOSApps -->
        <test-method signature="NativeAppAndroid()[pri:0, instance:MavenProject2.MavenJava1.ApiumTest@1efee8e7]" started-at="2020-12-22T12:49:29 IST" name="NativeAppAndroid" finished-at="2020-12-22T12:49:29 IST" duration-ms="1" status="PASS">
          <reporter-output>
          </reporter-output>
        </test-method> <!-- NativeAppAndroid -->
      </class> <!-- MavenProject2.MavenJava1.ApiumTest -->
      <class name="MavenProject2.MavenJava1.RESTAPITest">
        <test-method signature="deleteTwitter()[pri:0, instance:MavenProject2.MavenJava1.RESTAPITest@1ee807c6]" started-at="2020-12-22T12:49:29 IST" name="deleteTwitter" finished-at="2020-12-22T12:49:29 IST" duration-ms="0" status="PASS">
          <reporter-output>
          </reporter-output>
        </test-method> <!-- deleteTwitter -->
        <test-method signature="postJira()[pri:0, instance:MavenProject2.MavenJava1.RESTAPITest@1ee807c6]" started-at="2020-12-22T12:49:29 IST" name="postJira" finished-at="2020-12-22T12:49:29 IST" duration-ms="1" status="PASS">
          <reporter-output>
          </reporter-output>
        </test-method> <!-- postJira -->
      </class> <!-- MavenProject2.MavenJava1.RESTAPITest -->
      <class name="MavenProject2.MavenJava1.SeleniumTest">
        <test-method signature="BrowserAutomation()[pri:0, instance:MavenProject2.MavenJava1.SeleniumTest@76a4d6c]" started-at="2020-12-22T12:49:29 IST" name="BrowserAutomation" finished-at="2020-12-22T12:49:29 IST" duration-ms="2" status="PASS">
          <reporter-output>
          </reporter-output>
        </test-method> <!-- BrowserAutomation -->
        <test-method signature="elementsUI()[pri:0, instance:MavenProject2.MavenJava1.SeleniumTest@76a4d6c]" started-at="2020-12-22T12:49:29 IST" name="elementsUI" finished-at="2020-12-22T12:49:29 IST" duration-ms="1" status="PASS">
          <reporter-output>
          </reporter-output>
        </test-method> <!-- elementsUI -->
      </class> <!-- MavenProject2.MavenJava1.SeleniumTest -->
    </test> <!-- Command line test -->
  </suite> <!-- Command line suite -->
</testng-results>
