<?xml version="1.0" encoding="UTF-8" ?>
<testsuite tests="6" failures="0" name="TestSuite" time="0.016" errors="0" skipped="0">
  <properties>
[...]
</properties>
  <testcase classname="MavenProject2.MavenJava1.ApiumTest" name="IOSApps" time="0.009"/>
  <testcase classname="MavenProject2.MavenJava1.ApiumTest" name="NativeAppAndroid" time="0"/>
  <testcase classname="MavenProject2.MavenJava1.RESTAPITest" name="deleteTwitter" time="0.001"/>
  <testcase classname="MavenProject2.MavenJava1.RESTAPITest" name="postJira" time="0.005"/>
  <testcase classname="MavenProject2.MavenJava1.SeleniumTest" name="BrowserAutomation" time="0"/>
  <testcase classname="MavenProject2.MavenJava1.SeleniumTest" name="elementsUI" time="0.001"/>
</testsuite>