<?xml version="1.0" encoding="UTF-8"?>
<testng-results ignored="0" total="6" passed="6" failed="0" skipped="0">
  <reporter-output>
  </reporter-output>
  <suite started-at="2020-12-22T17:20:55 IST" name="Suite" finished-at="2020-12-22T17:20:55 IST" duration-ms="107">
    <groups>
    </groups>
    <test started-at="2020-12-22T17:20:55 IST" name="Test" finished-at="2020-12-22T17:20:55 IST" duration-ms="107">
      <class name="MavenProject2.MavenJava1.ApiumTest">
        <test-method signature="IOSApps()[pri:0, instance:MavenProject2.MavenJava1.ApiumTest@1817d444]" started-at="2020-12-22T17:20:55 IST" name="IOSApps" finished-at="2020-12-22T17:20:55 IST" duration-ms="2" status="PASS">
          <reporter-output>
          </reporter-output>
        </test-method> <!-- IOSApps -->
        <test-method signature="NativeAppAndroid()[pri:0, instance:MavenProject2.MavenJava1.ApiumTest@1817d444]" started-at="2020-12-22T17:20:55 IST" name="NativeAppAndroid" finished-at="2020-12-22T17:20:55 IST" duration-ms="3" status="PASS">
          <reporter-output>
          </reporter-output>
        </test-method> <!-- NativeAppAndroid -->
      </class> <!-- MavenProject2.MavenJava1.ApiumTest -->
      <class name="MavenProject2.MavenJava1.RESTAPITest">
        <test-method signature="deleteTwitter()[pri:0, instance:MavenProject2.MavenJava1.RESTAPITest@50a638b5]" started-at="2020-12-22T17:20:55 IST" name="deleteTwitter" finished-at="2020-12-22T17:20:55 IST" duration-ms="14" status="PASS">
          <reporter-output>
          </reporter-output>
        </test-method> <!-- deleteTwitter -->
        <test-method signature="postJira()[pri:0, instance:MavenProject2.MavenJava1.RESTAPITest@50a638b5]" started-at="2020-12-22T17:20:55 IST" name="postJira" finished-at="2020-12-22T17:20:55 IST" duration-ms="2" status="PASS">
          <reporter-output>
          </reporter-output>
        </test-method> <!-- postJira -->
      </class> <!-- MavenProject2.MavenJava1.RESTAPITest -->
      <class name="MavenProject2.MavenJava1.SeleniumTest">
        <test-method signature="BrowserAutomation()[pri:0, instance:MavenProject2.MavenJava1.SeleniumTest@6ca8564a]" started-at="2020-12-22T17:20:55 IST" name="BrowserAutomation" finished-at="2020-12-22T17:20:55 IST" duration-ms="2" status="PASS">
          <reporter-output>
          </reporter-output>
        </test-method> <!-- BrowserAutomation -->
        <test-method signature="elementsUI()[pri:0, instance:MavenProject2.MavenJava1.SeleniumTest@6ca8564a]" started-at="2020-12-22T17:20:55 IST" name="elementsUI" finished-at="2020-12-22T17:20:55 IST" duration-ms="3" status="PASS">
          <reporter-output>
          </reporter-output>
        </test-method> <!-- elementsUI -->
      </class> <!-- MavenProject2.MavenJava1.SeleniumTest -->
    </test> <!-- Test -->
  </suite> <!-- Suite -->
</testng-results>
