<?xml version="1.0" encoding="UTF-8"?>
<testng-results ignored="0" total="4" passed="4" failed="0" skipped="0">
  <reporter-output>
  </reporter-output>
  <suite started-at="2020-12-22T12:50:05 IST" name="Suite" finished-at="2020-12-22T12:50:05 IST" duration-ms="92">
    <groups>
    </groups>
    <test started-at="2020-12-22T12:50:05 IST" name="Test" finished-at="2020-12-22T12:50:05 IST" duration-ms="92">
      <class name="MavenProject2.MavenJava1.ApiumTest">
        <test-method signature="IOSApps()[pri:0, instance:MavenProject2.MavenJava1.ApiumTest@3f197a46]" started-at="2020-12-22T12:50:05 IST" name="IOSApps" finished-at="2020-12-22T12:50:05 IST" duration-ms="2" status="PASS">
          <reporter-output>
          </reporter-output>
        </test-method> <!-- IOSApps -->
        <test-method signature="NativeAppAndroid()[pri:0, instance:MavenProject2.MavenJava1.ApiumTest@3f197a46]" started-at="2020-12-22T12:50:05 IST" name="NativeAppAndroid" finished-at="2020-12-22T12:50:05 IST" duration-ms="2" status="PASS">
          <reporter-output>
          </reporter-output>
        </test-method> <!-- NativeAppAndroid -->
      </class> <!-- MavenProject2.MavenJava1.ApiumTest -->
      <class name="MavenProject2.MavenJava1.RESTAPITest">
        <test-method signature="deleteTwitter()[pri:0, instance:MavenProject2.MavenJava1.RESTAPITest@5e82df6a]" started-at="2020-12-22T12:50:05 IST" name="deleteTwitter" finished-at="2020-12-22T12:50:05 IST" duration-ms="16" status="PASS">
          <reporter-output>
          </reporter-output>
        </test-method> <!-- deleteTwitter -->
        <test-method signature="postJira()[pri:0, instance:MavenProject2.MavenJava1.RESTAPITest@5e82df6a]" started-at="2020-12-22T12:50:05 IST" name="postJira" finished-at="2020-12-22T12:50:05 IST" duration-ms="3" status="PASS">
          <reporter-output>
          </reporter-output>
        </test-method> <!-- postJira -->
      </class> <!-- MavenProject2.MavenJava1.RESTAPITest -->
    </test> <!-- Test -->
  </suite> <!-- Suite -->
</testng-results>
